<?xml version="1.0" encoding="UTF-8"?>
<testsuite name="org.bootcamp.RectangleTest" tests="3" skipped="0" failures="0" errors="0" timestamp="2023-09-11T11:49:15" hostname="Dheerajs-MacBook-Pro.local" time="0.013">
  <properties/>
  <testcase name="shouldThrowExceptionWhenLengthIsNegative()" classname="org.bootcamp.RectangleTest" time="0.009"/>
  <testcase name="shouldReturnArea25WhenLengthIs5AndBreadthIs4()" classname="org.bootcamp.RectangleTest" time="0.001"/>
  <testcase name="shouldReturnPerimeter18WhenLengthIs5AndBreadthIs4()" classname="org.bootcamp.RectangleTest" time="0.001"/>
  <system-out><![CDATA[]]></system-out>
  <system-err><![CDATA[]]></system-err>
</testsuite>
